0 info it worked if it ends with ok
1 verbose cli [ 'node', '/usr/local/bin/npm', '-d', 'install', 'ares-ide' ]
2 info using npm@1.1.59
3 info using node@v0.6.19
4 verbose node symlink /usr/local/bin/node
5 verbose read json /Users/jts/programming/package.json
6 verbose read json /Users/jts/programming/node_modules/uglify-js/package.json
7 verbose read json /Users/jts/programming/package.json
8 verbose cache add [ 'ares-ide', null ]
9 silly cache add name=undefined spec="ares-ide" args=["ares-ide",null]
10 verbose parsed url { pathname: 'ares-ide', path: 'ares-ide', href: 'ares-ide' }
11 silly lockFile 6d2576e9-ares-ide ares-ide
12 verbose lock ares-ide /Users/jts/.npm/6d2576e9-ares-ide.lock
13 silly lockFile 6d2576e9-ares-ide ares-ide
14 verbose addNamed [ 'ares-ide', '' ]
15 verbose addNamed [ null, '' ]
16 silly lockFile d2429a35-ares-ide ares-ide@
17 verbose lock ares-ide@ /Users/jts/.npm/d2429a35-ares-ide.lock
18 silly addNameRange { name: 'ares-ide', range: '', hasData: false }
19 verbose url raw ares-ide
20 verbose url resolving [ 'https://registry.npmjs.org/', './ares-ide' ]
21 verbose url resolved https://registry.npmjs.org/ares-ide
22 info retry registry request attempt 1 at 15:17:55
23 http GET https://registry.npmjs.org/ares-ide
24 http 200 https://registry.npmjs.org/ares-ide
25 silly registry.get cb [ 200,
25 silly registry.get   { vary: 'Accept',
25 silly registry.get     server: 'CouchDB/1.3.0 (Erlang OTP/R15B03)',
25 silly registry.get     etag: '"8GTJDSKMJVC9J59NGIQQ9POS4"',
25 silly registry.get     date: 'Wed, 29 May 2013 20:17:57 GMT',
25 silly registry.get     'content-type': 'application/json',
25 silly registry.get     'content-length': '89341' } ]
26 silly addNameRange number 2 { name: 'ares-ide', range: '', hasData: true }
27 silly addNameRange versions [ 'ares-ide', [] ]
28 silly lockFile d2429a35-ares-ide ares-ide@
29 error Error: No compatible version found: ares-ide
29 error No valid targets found.
29 error Perhaps not compatible with your version of node?
29 error     at installTargetsError (/usr/local/lib/node_modules/npm/lib/cache.js:553:10)
29 error     at next (/usr/local/lib/node_modules/npm/lib/cache.js:532:17)
29 error     at /usr/local/lib/node_modules/npm/lib/cache.js:512:5
29 error     at saved (/usr/local/lib/node_modules/npm/node_modules/npm-registry-client/lib/get.js:138:7)
29 error     at Object.oncomplete (/usr/local/lib/node_modules/npm/node_modules/graceful-fs/graceful-fs.js:220:7)
30 error If you need help, you may report this log at:
30 error     <http://github.com/isaacs/npm/issues>
30 error or email it to:
30 error     <npm-@googlegroups.com>
31 error System Darwin 12.3.0
32 error command "node" "/usr/local/bin/npm" "-d" "install" "ares-ide"
33 error cwd /Users/jts/programming/csense_trunk/organizer_interface
34 error node -v v0.6.19
35 error npm -v 1.1.59
36 verbose exit [ 1, true ]
